<?xml version="1.0" encoding="UTF-8"?>
<coverage generated="1608506937">
  <project timestamp="1608506937">
    <file name="C:\wamp64\www\project_8\src\Controller\DefaultController.php">
      <class name="App\Controller\DefaultController" namespace="global">
        <metrics complexity="1" methods="1" coveredmethods="1" conditionals="0" coveredconditionals="0" statements="1" coveredstatements="1" elements="2" coveredelements="2"/>
      </class>
      <line num="14" type="method" name="indexAction" visibility="public" complexity="1" crap="1" count="9"/>
      <line num="16" type="stmt" count="9"/>
      <metrics loc="18" ncloc="15" classes="1" methods="1" coveredmethods="1" conditionals="0" coveredconditionals="0" statements="1" coveredstatements="1" elements="2" coveredelements="2"/>
    </file>
    <file name="C:\wamp64\www\project_8\src\Controller\SecurityController.php">
      <class name="App\Controller\SecurityController" namespace="global">
        <metrics complexity="3" methods="1" coveredmethods="1" conditionals="0" coveredconditionals="0" statements="5" coveredstatements="5" elements="6" coveredelements="6"/>
      </class>
      <line num="15" type="method" name="loginAction" visibility="public" complexity="2" crap="2" count="5"/>
      <line num="18" type="stmt" count="5"/>
      <line num="20" type="stmt" count="5"/>
      <line num="22" type="stmt" count="5"/>
      <line num="23" type="stmt" count="5"/>
      <line num="24" type="stmt" count="5"/>
      <metrics loc="35" ncloc="28" classes="1" methods="1" coveredmethods="1" conditionals="0" coveredconditionals="0" statements="5" coveredstatements="5" elements="6" coveredelements="6"/>
    </file>
    <file name="C:\wamp64\www\project_8\src\Controller\TaskController.php">
      <class name="App\Controller\TaskController" namespace="global">
        <metrics complexity="12" methods="6" coveredmethods="6" conditionals="0" coveredconditionals="0" statements="41" coveredstatements="41" elements="47" coveredelements="47"/>
      </class>
      <line num="28" type="method" name="__construct" visibility="public" complexity="1" crap="1" count="13"/>
      <line num="30" type="stmt" count="13"/>
      <line num="31" type="stmt" count="13"/>
      <line num="37" type="method" name="listAction" visibility="public" complexity="1" crap="1" count="8"/>
      <line num="39" type="stmt" count="8"/>
      <line num="41" type="stmt" count="8"/>
      <line num="42" type="stmt" count="8"/>
      <line num="43" type="stmt" count="8"/>
      <line num="52" type="method" name="createAction" visibility="public" complexity="3" crap="3" count="3"/>
      <line num="54" type="stmt" count="3"/>
      <line num="55" type="stmt" count="3"/>
      <line num="57" type="stmt" count="3"/>
      <line num="59" type="stmt" count="3"/>
      <line num="60" type="stmt" count="1"/>
      <line num="61" type="stmt" count="1"/>
      <line num="63" type="stmt" count="1"/>
      <line num="65" type="stmt" count="1"/>
      <line num="68" type="stmt" count="3"/>
      <line num="76" type="method" name="editAction" visibility="public" complexity="3" crap="3" count="2"/>
      <line num="78" type="stmt" count="2"/>
      <line num="80" type="stmt" count="2"/>
      <line num="82" type="stmt" count="2"/>
      <line num="83" type="stmt" count="1"/>
      <line num="85" type="stmt" count="1"/>
      <line num="87" type="stmt" count="1"/>
      <line num="90" type="stmt" count="2"/>
      <line num="91" type="stmt" count="2"/>
      <line num="92" type="stmt" count="2"/>
      <line num="99" type="method" name="toggleTaskAction" visibility="public" complexity="2" crap="2" count="2"/>
      <line num="101" type="stmt" count="2"/>
      <line num="103" type="stmt" count="2"/>
      <line num="104" type="stmt" count="2"/>
      <line num="106" type="stmt" count="2"/>
      <line num="107" type="stmt" count="2"/>
      <line num="108" type="stmt" count="2"/>
      <line num="109" type="stmt" count="2"/>
      <line num="110" type="stmt" count="2"/>
      <line num="111" type="stmt" count="2"/>
      <line num="115" type="stmt" count="2"/>
      <line num="122" type="method" name="deleteTaskAction" visibility="public" complexity="2" crap="2" count="3"/>
      <line num="124" type="stmt" count="3"/>
      <line num="125" type="stmt" count="1"/>
      <line num="126" type="stmt" count="1"/>
      <line num="128" type="stmt" count="1"/>
      <line num="130" type="stmt" count="1"/>
      <line num="133" type="stmt" count="2"/>
      <line num="135" type="stmt" count="2"/>
      <metrics loc="137" ncloc="108" classes="1" methods="6" coveredmethods="6" conditionals="0" coveredconditionals="0" statements="41" coveredstatements="41" elements="47" coveredelements="47"/>
    </file>
    <file name="C:\wamp64\www\project_8\src\Controller\UserController.php">
      <class name="App\Controller\UserController" namespace="global">
        <metrics complexity="13" methods="6" coveredmethods="6" conditionals="0" coveredconditionals="0" statements="30" coveredstatements="30" elements="36" coveredelements="36"/>
      </class>
      <line num="33" type="method" name="__construct" visibility="public" complexity="1" crap="1" count="14"/>
      <line num="35" type="stmt" count="14"/>
      <line num="36" type="stmt" count="14"/>
      <line num="37" type="stmt" count="14"/>
      <line num="43" type="method" name="listAction" visibility="public" complexity="1" crap="1" count="4"/>
      <line num="45" type="stmt" count="4"/>
      <line num="47" type="stmt" count="4"/>
      <line num="56" type="method" name="createAction" visibility="public" complexity="3" crap="3" count="3"/>
      <line num="58" type="stmt" count="3"/>
      <line num="59" type="stmt" count="3"/>
      <line num="61" type="stmt" count="3"/>
      <line num="63" type="stmt" count="3"/>
      <line num="64" type="stmt" count="1"/>
      <line num="65" type="stmt" count="1"/>
      <line num="67" type="stmt" count="1"/>
      <line num="69" type="stmt" count="1"/>
      <line num="72" type="stmt" count="3"/>
      <line num="73" type="stmt" count="3"/>
      <line num="83" type="method" name="editAction" visibility="public" complexity="3" crap="3" count="4"/>
      <line num="85" type="stmt" count="4"/>
      <line num="87" type="stmt" count="4"/>
      <line num="89" type="stmt" count="4"/>
      <line num="90" type="stmt" count="2"/>
      <line num="92" type="stmt" count="2"/>
      <line num="94" type="stmt" count="2"/>
      <line num="97" type="stmt" count="4"/>
      <line num="106" type="method" name="editPasswordAction" visibility="public" complexity="3" crap="3" count="3"/>
      <line num="108" type="stmt" count="3"/>
      <line num="110" type="stmt" count="3"/>
      <line num="112" type="stmt" count="3"/>
      <line num="113" type="stmt" count="2"/>
      <line num="115" type="stmt" count="2"/>
      <line num="117" type="stmt" count="2"/>
      <line num="120" type="stmt" count="3"/>
      <line num="126" type="method" name="redirectLoggedUser" visibility="private" complexity="2" crap="2" count="4"/>
      <line num="128" type="stmt" count="4"/>
      <metrics loc="130" ncloc="96" classes="1" methods="6" coveredmethods="6" conditionals="0" coveredconditionals="0" statements="30" coveredstatements="30" elements="36" coveredelements="36"/>
    </file>
    <file name="C:\wamp64\www\project_8\src\DataFixtures\AppFixtures.php">
      <class name="App\DataFixtures\AppFixtures" namespace="global">
        <metrics complexity="7" methods="4" coveredmethods="4" conditionals="0" coveredconditionals="0" statements="27" coveredstatements="27" elements="31" coveredelements="31"/>
      </class>
      <line num="25" type="method" name="getDataFixture" visibility="private" complexity="1" crap="1" count="1"/>
      <line num="27" type="stmt" count="1"/>
      <line num="33" type="method" name="load" visibility="public" complexity="1" crap="1" count="1"/>
      <line num="35" type="stmt" count="1"/>
      <line num="36" type="stmt" count="1"/>
      <line num="38" type="stmt" count="1"/>
      <line num="40" type="stmt" count="1"/>
      <line num="42" type="stmt" count="1"/>
      <line num="43" type="stmt" count="1"/>
      <line num="44" type="stmt" count="1"/>
      <line num="52" type="method" name="addUsers" visibility="private" complexity="2" crap="2" count="1"/>
      <line num="55" type="stmt" count="1"/>
      <line num="57" type="stmt" count="1"/>
      <line num="59" type="stmt" count="1"/>
      <line num="60" type="stmt" count="1"/>
      <line num="61" type="stmt" count="1"/>
      <line num="62" type="stmt" count="1"/>
      <line num="64" type="stmt" count="1"/>
      <line num="65" type="stmt" count="1"/>
      <line num="67" type="stmt" count="1"/>
      <line num="75" type="method" name="addTasks" visibility="private" complexity="3" crap="3" count="1"/>
      <line num="77" type="stmt" count="1"/>
      <line num="79" type="stmt" count="1"/>
      <line num="81" type="stmt" count="1"/>
      <line num="82" type="stmt" count="1"/>
      <line num="83" type="stmt" count="1"/>
      <line num="85" type="stmt" count="1"/>
      <line num="87" type="stmt" count="1"/>
      <line num="88" type="stmt" count="1"/>
      <line num="91" type="stmt" count="1"/>
      <line num="93" type="stmt" count="1"/>
      <metrics loc="94" ncloc="68" classes="1" methods="4" coveredmethods="4" conditionals="0" coveredconditionals="0" statements="27" coveredstatements="27" elements="31" coveredelements="31"/>
    </file>
    <file name="C:\wamp64\www\project_8\src\Entity\Task.php">
      <class name="App\Entity\Task" namespace="global">
        <metrics complexity="14" methods="13" coveredmethods="13" conditionals="0" coveredconditionals="0" statements="19" coveredstatements="19" elements="32" coveredelements="32"/>
      </class>
      <line num="49" type="method" name="__construct" visibility="public" complexity="1" crap="1" count="56"/>
      <line num="51" type="stmt" count="56"/>
      <line num="52" type="stmt" count="56"/>
      <line num="54" type="method" name="getId" visibility="public" complexity="1" crap="1" count="11"/>
      <line num="56" type="stmt" count="11"/>
      <line num="59" type="method" name="getCreatedAt" visibility="public" complexity="1" crap="1" count="9"/>
      <line num="61" type="stmt" count="9"/>
      <line num="64" type="method" name="setCreatedAt" visibility="public" complexity="1" crap="1" count="46"/>
      <line num="66" type="stmt" count="46"/>
      <line num="68" type="stmt" count="46"/>
      <line num="71" type="method" name="getTitle" visibility="public" complexity="1" crap="1" count="15"/>
      <line num="73" type="stmt" count="15"/>
      <line num="76" type="method" name="setTitle" visibility="public" complexity="1" crap="1" count="47"/>
      <line num="78" type="stmt" count="47"/>
      <line num="80" type="stmt" count="47"/>
      <line num="83" type="method" name="getContent" visibility="public" complexity="1" crap="1" count="14"/>
      <line num="85" type="stmt" count="14"/>
      <line num="88" type="method" name="setContent" visibility="public" complexity="1" crap="1" count="47"/>
      <line num="90" type="stmt" count="47"/>
      <line num="92" type="stmt" count="47"/>
      <line num="95" type="method" name="getUser" visibility="public" complexity="1" crap="1" count="15"/>
      <line num="97" type="stmt" count="15"/>
      <line num="100" type="method" name="setUser" visibility="public" complexity="1" crap="1" count="52"/>
      <line num="102" type="stmt" count="52"/>
      <line num="104" type="stmt" count="52"/>
      <line num="107" type="method" name="isDone" visibility="public" complexity="1" crap="1" count="10"/>
      <line num="109" type="stmt" count="10"/>
      <line num="115" type="method" name="urlIsDoneValue" visibility="public" complexity="2" crap="2" count="2"/>
      <line num="117" type="stmt" count="2"/>
      <line num="120" type="method" name="toggle" visibility="public" complexity="1" crap="1" count="41"/>
      <line num="122" type="stmt" count="41"/>
      <line num="123" type="stmt" count="41"/>
      <metrics loc="124" ncloc="95" classes="1" methods="13" coveredmethods="13" conditionals="0" coveredconditionals="0" statements="19" coveredstatements="19" elements="32" coveredelements="32"/>
    </file>
    <file name="C:\wamp64\www\project_8\src\Entity\User.php">
      <class name="App\Entity\User" namespace="global">
        <metrics complexity="12" methods="10" coveredmethods="10" conditionals="0" coveredconditionals="0" statements="15" coveredstatements="15" elements="25" coveredelements="25"/>
      </class>
      <line num="103" type="method" name="__construct" visibility="public" complexity="1" crap="1" count="91"/>
      <line num="105" type="stmt" count="91"/>
      <line num="106" type="stmt" count="91"/>
      <line num="108" type="method" name="getId" visibility="public" complexity="1" crap="1" count="28"/>
      <line num="110" type="stmt" count="28"/>
      <line num="113" type="method" name="getUsername" visibility="public" complexity="1" crap="1" count="47"/>
      <line num="115" type="stmt" count="47"/>
      <line num="118" type="method" name="setUsername" visibility="public" complexity="1" crap="1" count="77"/>
      <line num="120" type="stmt" count="77"/>
      <line num="122" type="stmt" count="77"/>
      <line num="133" type="method" name="getPassword" visibility="public" complexity="1" crap="1" count="72"/>
      <line num="135" type="stmt" count="72"/>
      <line num="138" type="method" name="setPassword" visibility="public" complexity="1" crap="1" count="77"/>
      <line num="140" type="stmt" count="77"/>
      <line num="142" type="stmt" count="77"/>
      <line num="145" type="method" name="getEmail" visibility="public" complexity="1" crap="1" count="13"/>
      <line num="147" type="stmt" count="13"/>
      <line num="150" type="method" name="setEmail" visibility="public" complexity="1" crap="1" count="67"/>
      <line num="152" type="stmt" count="67"/>
      <line num="154" type="stmt" count="67"/>
      <line num="157" type="method" name="getRoles" visibility="public" complexity="1" crap="1" count="47"/>
      <line num="159" type="stmt" count="47"/>
      <line num="162" type="method" name="setRoles" visibility="public" complexity="1" crap="1" count="67"/>
      <line num="164" type="stmt" count="67"/>
      <line num="166" type="stmt" count="67"/>
      <metrics loc="176" ncloc="97" classes="1" methods="10" coveredmethods="10" conditionals="0" coveredconditionals="0" statements="15" coveredstatements="15" elements="25" coveredelements="25"/>
    </file>
    <file name="C:\wamp64\www\project_8\src\Event\PasswordHashSubscriber.php">
      <class name="App\Event\PasswordHashSubscriber" namespace="global">
        <metrics complexity="7" methods="5" coveredmethods="5" conditionals="0" coveredconditionals="0" statements="14" coveredstatements="14" elements="19" coveredelements="19"/>
      </class>
      <line num="27" type="method" name="__construct" visibility="public" complexity="1" crap="1" count="69"/>
      <line num="29" type="stmt" count="69"/>
      <line num="30" type="stmt" count="69"/>
      <line num="37" type="method" name="getSubscribedEvents" visibility="public" complexity="1" crap="1" count="65"/>
      <line num="40" type="stmt" count="65"/>
      <line num="41" type="stmt" count="65"/>
      <line num="45" type="method" name="prePersist" visibility="public" complexity="1" crap="1" count="60"/>
      <line num="47" type="stmt" count="60"/>
      <line num="48" type="stmt" count="60"/>
      <line num="50" type="method" name="preUpdate" visibility="public" complexity="2" crap="2" count="9"/>
      <line num="53" type="stmt" count="9"/>
      <line num="54" type="stmt" count="6"/>
      <line num="57" type="stmt" count="3"/>
      <line num="58" type="stmt" count="3"/>
      <line num="63" type="method" name="hashPassword" visibility="private" complexity="2" crap="2" count="61"/>
      <line num="65" type="stmt" count="61"/>
      <line num="66" type="stmt" count="42"/>
      <line num="69" type="stmt" count="60"/>
      <line num="70" type="stmt" count="60"/>
      <metrics loc="71" ncloc="51" classes="1" methods="5" coveredmethods="5" conditionals="0" coveredconditionals="0" statements="14" coveredstatements="14" elements="19" coveredelements="19"/>
    </file>
    <file name="C:\wamp64\www\project_8\src\Event\TaskSubscriber.php">
      <class name="App\Event\TaskSubscriber" namespace="global">
        <metrics complexity="5" methods="3" coveredmethods="3" conditionals="0" coveredconditionals="0" statements="9" coveredstatements="9" elements="12" coveredelements="12"/>
      </class>
      <line num="28" type="method" name="__construct" visibility="public" complexity="1" crap="1" count="67"/>
      <line num="30" type="stmt" count="67"/>
      <line num="31" type="stmt" count="67"/>
      <line num="38" type="method" name="getSubscribedEvents" visibility="public" complexity="1" crap="1" count="65"/>
      <line num="41" type="stmt" count="65"/>
      <line num="45" type="method" name="prePersist" visibility="public" complexity="3" crap="3" count="60"/>
      <line num="47" type="stmt" count="60"/>
      <line num="49" type="stmt" count="60"/>
      <line num="51" type="stmt" count="60"/>
      <line num="52" type="stmt" count="59"/>
      <line num="55" type="stmt" count="2"/>
      <line num="56" type="stmt" count="2"/>
      <metrics loc="57" ncloc="40" classes="1" methods="3" coveredmethods="3" conditionals="0" coveredconditionals="0" statements="9" coveredstatements="9" elements="12" coveredelements="12"/>
    </file>
    <file name="C:\wamp64\www\project_8\src\Form\TaskType.php">
      <class name="App\Form\TaskType" namespace="global">
        <metrics complexity="2" methods="2" coveredmethods="2" conditionals="0" coveredconditionals="0" statements="7" coveredstatements="7" elements="9" coveredelements="9"/>
      </class>
      <line num="14" type="method" name="buildForm" visibility="public" complexity="1" crap="1" count="6"/>
      <line num="17" type="stmt" count="6"/>
      <line num="18" type="stmt" count="6"/>
      <line num="19" type="stmt" count="6"/>
      <line num="22" type="stmt" count="6"/>
      <line num="24" type="method" name="configureOptions" visibility="public" complexity="1" crap="1" count="6"/>
      <line num="26" type="stmt" count="6"/>
      <line num="27" type="stmt" count="6"/>
      <line num="30" type="stmt" count="6"/>
      <metrics loc="31" ncloc="31" classes="1" methods="2" coveredmethods="2" conditionals="0" coveredconditionals="0" statements="7" coveredstatements="7" elements="9" coveredelements="9"/>
    </file>
    <file name="C:\wamp64\www\project_8\src\Form\User\AbstractUserType.php">
      <class name="App\Form\User\AbstractUserType" namespace="global">
        <metrics complexity="3" methods="2" coveredmethods="2" conditionals="0" coveredconditionals="0" statements="16" coveredstatements="16" elements="18" coveredelements="18"/>
      </class>
      <line num="23" type="method" name="getRolesOptions" visibility="protected" complexity="2" crap="2" count="6"/>
      <line num="25" type="stmt" count="6"/>
      <line num="26" type="stmt" count="6"/>
      <line num="30" type="stmt" count="6"/>
      <line num="31" type="stmt" count="6"/>
      <line num="32" type="stmt" count="6"/>
      <line num="33" type="stmt" count="6"/>
      <line num="36" type="stmt" count="6"/>
      <line num="44" type="method" name="transformRolesType" visibility="protected" complexity="1" crap="1" count="6"/>
      <line num="46" type="stmt" count="6"/>
      <line num="47" type="stmt" count="6"/>
      <line num="48" type="stmt" count="6"/>
      <line num="50" type="stmt" count="6"/>
      <line num="51" type="stmt" count="6"/>
      <line num="52" type="stmt" count="6"/>
      <line num="54" type="stmt" count="5"/>
      <line num="55" type="stmt" count="6"/>
      <line num="57" type="stmt" count="6"/>
      <metrics loc="58" ncloc="42" classes="1" methods="2" coveredmethods="2" conditionals="0" coveredconditionals="0" statements="16" coveredstatements="16" elements="18" coveredelements="18"/>
    </file>
    <file name="C:\wamp64\www\project_8\src\Form\User\AccountType.php">
      <class name="App\Form\User\AccountType" namespace="global">
        <metrics complexity="5" methods="3" coveredmethods="3" conditionals="0" coveredconditionals="0" statements="13" coveredstatements="13" elements="16" coveredelements="16"/>
      </class>
      <line num="22" type="method" name="buildForm" visibility="public" complexity="2" crap="2" count="6"/>
      <line num="25" type="stmt" count="6"/>
      <line num="26" type="stmt" count="6"/>
      <line num="28" type="stmt" count="6"/>
      <line num="29" type="stmt" count="2"/>
      <line num="30" type="stmt" count="2"/>
      <line num="31" type="stmt" count="2"/>
      <line num="33" type="stmt" count="2"/>
      <line num="36" type="stmt" count="2"/>
      <line num="38" type="stmt" count="6"/>
      <line num="40" type="method" name="configureOptions" visibility="public" complexity="1" crap="1" count="6"/>
      <line num="42" type="stmt" count="6"/>
      <line num="43" type="stmt" count="6"/>
      <line num="47" type="stmt" count="6"/>
      <line num="57" type="method" name="isRoleEditable" visibility="private" complexity="2" crap="2" count="6"/>
      <line num="59" type="stmt" count="6"/>
      <metrics loc="61" ncloc="45" classes="1" methods="3" coveredmethods="3" conditionals="0" coveredconditionals="0" statements="13" coveredstatements="13" elements="16" coveredelements="16"/>
    </file>
    <file name="C:\wamp64\www\project_8\src\Form\User\EditPasswordType.php">
      <class name="App\Form\User\EditPasswordType" namespace="global">
        <metrics complexity="2" methods="2" coveredmethods="2" conditionals="0" coveredconditionals="0" statements="6" coveredstatements="6" elements="8" coveredelements="8"/>
      </class>
      <line num="22" type="method" name="buildForm" visibility="public" complexity="1" crap="1" count="4"/>
      <line num="24" type="stmt" count="4"/>
      <line num="25" type="stmt" count="4"/>
      <line num="31" type="stmt" count="4"/>
      <line num="33" type="method" name="configureOptions" visibility="public" complexity="1" crap="1" count="4"/>
      <line num="35" type="stmt" count="4"/>
      <line num="36" type="stmt" count="4"/>
      <line num="39" type="stmt" count="4"/>
      <metrics loc="40" ncloc="32" classes="1" methods="2" coveredmethods="2" conditionals="0" coveredconditionals="0" statements="6" coveredstatements="6" elements="8" coveredelements="8"/>
    </file>
    <file name="C:\wamp64\www\project_8\src\Form\User\UserType.php">
      <class name="App\Form\User\UserType" namespace="global">
        <metrics complexity="2" methods="2" coveredmethods="2" conditionals="0" coveredconditionals="0" statements="11" coveredstatements="11" elements="13" coveredelements="13"/>
      </class>
      <line num="24" type="method" name="buildForm" visibility="public" complexity="1" crap="1" count="4"/>
      <line num="27" type="stmt" count="4"/>
      <line num="28" type="stmt" count="4"/>
      <line num="29" type="stmt" count="4"/>
      <line num="30" type="stmt" count="4"/>
      <line num="36" type="stmt" count="4"/>
      <line num="37" type="stmt" count="4"/>
      <line num="40" type="stmt" count="4"/>
      <line num="41" type="stmt" count="4"/>
      <line num="43" type="method" name="configureOptions" visibility="public" complexity="1" crap="1" count="4"/>
      <line num="45" type="stmt" count="4"/>
      <line num="46" type="stmt" count="4"/>
      <line num="49" type="stmt" count="4"/>
      <metrics loc="50" ncloc="42" classes="1" methods="2" coveredmethods="2" conditionals="0" coveredconditionals="0" statements="11" coveredstatements="11" elements="13" coveredelements="13"/>
    </file>
    <file name="C:\wamp64\www\project_8\src\Kernel.php">
      <class name="App\Kernel" namespace="global">
        <metrics complexity="7" methods="4" coveredmethods="2" conditionals="0" coveredconditionals="0" statements="21" coveredstatements="7" elements="25" coveredelements="9"/>
      </class>
      <line num="18" type="method" name="registerBundles" visibility="public" complexity="3" crap="3" count="64"/>
      <line num="20" type="stmt" count="64"/>
      <line num="21" type="stmt" count="64"/>
      <line num="22" type="stmt" count="64"/>
      <line num="23" type="stmt" count="64"/>
      <line num="26" type="stmt" count="64"/>
      <line num="28" type="method" name="getProjectDir" visibility="public" complexity="1" crap="1" count="64"/>
      <line num="30" type="stmt" count="64"/>
      <line num="33" type="method" name="configureContainer" visibility="protected" complexity="2" crap="6" count="0"/>
      <line num="35" type="stmt" count="0"/>
      <line num="36" type="stmt" count="0"/>
      <line num="37" type="stmt" count="0"/>
      <line num="38" type="stmt" count="0"/>
      <line num="40" type="stmt" count="0"/>
      <line num="41" type="stmt" count="0"/>
      <line num="42" type="stmt" count="0"/>
      <line num="43" type="stmt" count="0"/>
      <line num="44" type="stmt" count="0"/>
      <line num="46" type="method" name="configureRoutes" visibility="protected" complexity="1" crap="2" count="0"/>
      <line num="48" type="stmt" count="0"/>
      <line num="50" type="stmt" count="0"/>
      <line num="51" type="stmt" count="0"/>
      <line num="52" type="stmt" count="0"/>
      <line num="53" type="stmt" count="0"/>
      <metrics loc="54" ncloc="54" classes="1" methods="4" coveredmethods="2" conditionals="0" coveredconditionals="0" statements="21" coveredstatements="7" elements="25" coveredelements="9"/>
    </file>
    <file name="C:\wamp64\www\project_8\src\Repository\TaskRepository.php">
      <class name="App\Repository\TaskRepository" namespace="global">
        <metrics complexity="4" methods="3" coveredmethods="3" conditionals="0" coveredconditionals="0" statements="14" coveredstatements="14" elements="17" coveredelements="17"/>
      </class>
      <line num="26" type="method" name="__construct" visibility="public" complexity="1" crap="1" count="12"/>
      <line num="28" type="stmt" count="12"/>
      <line num="29" type="stmt" count="12"/>
      <line num="31" type="method" name="findTasks" visibility="public" complexity="2" crap="2" count="12"/>
      <line num="33" type="stmt" count="12"/>
      <line num="34" type="stmt" count="12"/>
      <line num="35" type="stmt" count="12"/>
      <line num="37" type="stmt" count="12"/>
      <line num="38" type="stmt" count="6"/>
      <line num="42" type="stmt" count="12"/>
      <line num="43" type="stmt" count="12"/>
      <line num="44" type="stmt" count="12"/>
      <line num="55" type="method" name="filterDoneTasks" visibility="private" complexity="1" crap="1" count="6"/>
      <line num="58" type="stmt" count="6"/>
      <line num="60" type="stmt" count="6"/>
      <line num="61" type="stmt" count="6"/>
      <line num="63" type="stmt" count="6"/>
      <metrics loc="65" ncloc="43" classes="1" methods="3" coveredmethods="3" conditionals="0" coveredconditionals="0" statements="14" coveredstatements="14" elements="17" coveredelements="17"/>
    </file>
    <file name="C:\wamp64\www\project_8\src\Repository\UserRepository.php">
      <class name="App\Repository\UserRepository" namespace="global">
        <metrics complexity="2" methods="2" coveredmethods="2" conditionals="0" coveredconditionals="0" statements="8" coveredstatements="8" elements="10" coveredelements="10"/>
      </class>
      <line num="25" type="method" name="__construct" visibility="public" complexity="1" crap="1" count="7"/>
      <line num="27" type="stmt" count="7"/>
      <line num="28" type="stmt" count="7"/>
      <line num="30" type="method" name="findAllExceptOne" visibility="public" complexity="1" crap="1" count="5"/>
      <line num="32" type="stmt" count="5"/>
      <line num="33" type="stmt" count="5"/>
      <line num="34" type="stmt" count="5"/>
      <line num="35" type="stmt" count="5"/>
      <line num="36" type="stmt" count="5"/>
      <line num="37" type="stmt" count="5"/>
      <metrics loc="39" ncloc="25" classes="1" methods="2" coveredmethods="2" conditionals="0" coveredconditionals="0" statements="8" coveredstatements="8" elements="10" coveredelements="10"/>
    </file>
    <file name="C:\wamp64\www\project_8\src\Security\DataTransferObject\Credentials.php">
      <class name="App\Security\DataTransferObject\Credentials" namespace="global">
        <metrics complexity="7" methods="7" coveredmethods="7" conditionals="0" coveredconditionals="0" statements="13" coveredstatements="13" elements="20" coveredelements="20"/>
      </class>
      <line num="43" type="method" name="__construct" visibility="public" complexity="1" crap="1" count="12"/>
      <line num="45" type="stmt" count="12"/>
      <line num="46" type="stmt" count="12"/>
      <line num="47" type="stmt" count="12"/>
      <line num="48" type="stmt" count="12"/>
      <line num="50" type="method" name="getUsername" visibility="public" complexity="1" crap="1" count="7"/>
      <line num="52" type="stmt" count="7"/>
      <line num="55" type="method" name="setUsername" visibility="public" complexity="1" crap="1" count="1"/>
      <line num="57" type="stmt" count="1"/>
      <line num="58" type="stmt" count="1"/>
      <line num="60" type="method" name="getPassword" visibility="public" complexity="1" crap="1" count="7"/>
      <line num="62" type="stmt" count="7"/>
      <line num="65" type="method" name="setPassword" visibility="public" complexity="1" crap="1" count="1"/>
      <line num="67" type="stmt" count="1"/>
      <line num="68" type="stmt" count="1"/>
      <line num="70" type="method" name="getCsrfToken" visibility="public" complexity="1" crap="1" count="8"/>
      <line num="72" type="stmt" count="8"/>
      <line num="75" type="method" name="setCsrfToken" visibility="public" complexity="1" crap="1" count="1"/>
      <line num="77" type="stmt" count="1"/>
      <line num="78" type="stmt" count="1"/>
      <metrics loc="79" ncloc="52" classes="1" methods="7" coveredmethods="7" conditionals="0" coveredconditionals="0" statements="13" coveredstatements="13" elements="20" coveredelements="20"/>
    </file>
    <file name="C:\wamp64\www\project_8\src\Security\Guard\LoginFormAuthenticator.php">
      <class name="App\Security\Guard\LoginFormAuthenticator" namespace="global">
        <metrics complexity="13" methods="8" coveredmethods="8" conditionals="0" coveredconditionals="0" statements="30" coveredstatements="30" elements="38" coveredelements="38"/>
      </class>
      <line num="39" type="method" name="__construct" visibility="public" complexity="1" crap="1" count="59"/>
      <line num="45" type="stmt" count="59"/>
      <line num="46" type="stmt" count="59"/>
      <line num="47" type="stmt" count="59"/>
      <line num="48" type="stmt" count="59"/>
      <line num="49" type="stmt" count="59"/>
      <line num="51" type="method" name="getLoginUrl" visibility="public" complexity="1" crap="1" count="2"/>
      <line num="53" type="stmt" count="2"/>
      <line num="56" type="method" name="supports" visibility="public" complexity="2" crap="2" count="50"/>
      <line num="58" type="stmt" count="50"/>
      <line num="59" type="stmt" count="50"/>
      <line num="62" type="method" name="getCredentials" visibility="public" complexity="2" crap="2" count="5"/>
      <line num="64" type="stmt" count="5"/>
      <line num="66" type="stmt" count="5"/>
      <line num="67" type="stmt" count="5"/>
      <line num="68" type="stmt" count="5"/>
      <line num="69" type="stmt" count="5"/>
      <line num="72" type="stmt" count="5"/>
      <line num="73" type="stmt" count="4"/>
      <line num="74" type="stmt" count="4"/>
      <line num="75" type="stmt" count="4"/>
      <line num="79" type="stmt" count="5"/>
      <line num="82" type="method" name="getUser" visibility="public" complexity="3" crap="3" count="7"/>
      <line num="84" type="stmt" count="7"/>
      <line num="85" type="stmt" count="7"/>
      <line num="86" type="stmt" count="1"/>
      <line num="89" type="stmt" count="6"/>
      <line num="91" type="stmt" count="5"/>
      <line num="93" type="stmt" count="1"/>
      <line num="96" type="stmt" count="4"/>
      <line num="99" type="method" name="checkCredentials" visibility="public" complexity="2" crap="2" count="5"/>
      <line num="101" type="stmt" count="5"/>
      <line num="102" type="stmt" count="4"/>
      <line num="105" type="stmt" count="1"/>
      <line num="111" type="method" name="onAuthenticationSuccess" visibility="public" complexity="1" crap="1" count="4"/>
      <line num="113" type="stmt" count="4"/>
      <line num="116" type="method" name="getPassword" visibility="public" complexity="1" crap="1" count="1"/>
      <line num="118" type="stmt" count="1"/>
      <metrics loc="120" ncloc="108" classes="1" methods="8" coveredmethods="8" conditionals="0" coveredconditionals="0" statements="30" coveredstatements="30" elements="38" coveredelements="38"/>
    </file>
    <file name="C:\wamp64\www\project_8\src\Security\Voter\TaskVoter.php">
      <class name="App\Security\Voter\TaskVoter" namespace="global">
        <metrics complexity="9" methods="4" coveredmethods="3" conditionals="0" coveredconditionals="0" statements="13" coveredstatements="12" elements="17" coveredelements="15"/>
      </class>
      <line num="27" type="method" name="__construct" visibility="public" complexity="1" crap="1" count="45"/>
      <line num="29" type="stmt" count="45"/>
      <line num="30" type="stmt" count="45"/>
      <line num="32" type="method" name="supports" visibility="protected" complexity="2" crap="2" count="45"/>
      <line num="34" type="stmt" count="45"/>
      <line num="35" type="stmt" count="45"/>
      <line num="44" type="method" name="voteOnAttribute" visibility="protected" complexity="3" crap="3.03" count="14"/>
      <line num="47" type="stmt" count="14"/>
      <line num="49" type="stmt" count="14"/>
      <line num="51" type="stmt" count="1"/>
      <line num="55" type="stmt" count="13"/>
      <line num="57" type="stmt" count="13"/>
      <line num="58" type="stmt" count="13"/>
      <line num="61" type="stmt" count="0"/>
      <line num="72" type="method" name="isDeletable" visibility="private" complexity="3" crap="3" count="13"/>
      <line num="74" type="stmt" count="13"/>
      <line num="76" type="stmt" count="13"/>
      <metrics loc="78" ncloc="56" classes="1" methods="4" coveredmethods="3" conditionals="0" coveredconditionals="0" statements="13" coveredstatements="12" elements="17" coveredelements="15"/>
    </file>
    <file name="C:\wamp64\www\project_8\src\Security\Voter\UserVoter.php">
      <class name="App\Security\Voter\UserVoter" namespace="global">
        <metrics complexity="8" methods="4" coveredmethods="3" conditionals="0" coveredconditionals="0" statements="12" coveredstatements="11" elements="16" coveredelements="14"/>
      </class>
      <line num="26" type="method" name="__construct" visibility="public" complexity="1" crap="1" count="42"/>
      <line num="28" type="stmt" count="42"/>
      <line num="29" type="stmt" count="42"/>
      <line num="31" type="method" name="supports" visibility="protected" complexity="2" crap="2" count="42"/>
      <line num="33" type="stmt" count="42"/>
      <line num="34" type="stmt" count="42"/>
      <line num="43" type="method" name="voteOnAttribute" visibility="protected" complexity="3" crap="3.03" count="12"/>
      <line num="46" type="stmt" count="12"/>
      <line num="48" type="stmt" count="12"/>
      <line num="50" type="stmt" count="1"/>
      <line num="54" type="stmt" count="11"/>
      <line num="56" type="stmt" count="11"/>
      <line num="57" type="stmt" count="11"/>
      <line num="60" type="stmt" count="0"/>
      <line num="71" type="method" name="isEditable" visibility="private" complexity="2" crap="2" count="11"/>
      <line num="73" type="stmt" count="11"/>
      <metrics loc="75" ncloc="53" classes="1" methods="4" coveredmethods="3" conditionals="0" coveredconditionals="0" statements="12" coveredstatements="11" elements="16" coveredelements="14"/>
    </file>
    <metrics files="21" loc="1592" ncloc="1181" classes="21" methods="92" coveredmethods="88" conditionals="0" coveredconditionals="0" statements="325" coveredstatements="309" elements="417" coveredelements="397"/>
  </project>
</coverage>
