<?xml version="1.0" encoding="UTF-8"?>
<coverage generated="1609689569">
  <project timestamp="1609689569">
    <file name="C:\wamp64\www\project_8\src\CacheKernel.php">
      <class name="App\CacheKernel" namespace="global">
        <metrics complexity="0" methods="0" coveredmethods="0" conditionals="0" coveredconditionals="0" statements="0" coveredstatements="0" elements="0" coveredelements="0"/>
      </class>
      <metrics loc="21" ncloc="10" classes="0" methods="0" coveredmethods="0" conditionals="0" coveredconditionals="0" statements="0" coveredstatements="0" elements="0" coveredelements="0"/>
    </file>
    <file name="C:\wamp64\www\project_8\src\Controller\DefaultController.php">
      <class name="App\Controller\DefaultController" namespace="global">
        <metrics complexity="1" methods="1" coveredmethods="1" conditionals="0" coveredconditionals="0" statements="1" coveredstatements="1" elements="2" coveredelements="2"/>
      </class>
      <line num="31" type="method" name="indexAction" visibility="public" complexity="1" crap="1" count="11"/>
      <line num="33" type="stmt" count="11"/>
      <metrics loc="35" ncloc="17" classes="1" methods="1" coveredmethods="1" conditionals="0" coveredconditionals="0" statements="1" coveredstatements="1" elements="2" coveredelements="2"/>
    </file>
    <file name="C:\wamp64\www\project_8\src\Controller\SecurityController.php">
      <class name="App\Controller\SecurityController" namespace="global">
        <metrics complexity="3" methods="1" coveredmethods="1" conditionals="0" coveredconditionals="0" statements="5" coveredstatements="5" elements="6" coveredelements="6"/>
      </class>
      <line num="31" type="method" name="loginAction" visibility="public" complexity="2" crap="2" count="5"/>
      <line num="33" type="stmt" count="5"/>
      <line num="35" type="stmt" count="5"/>
      <line num="37" type="stmt" count="5"/>
      <line num="38" type="stmt" count="5"/>
      <line num="39" type="stmt" count="5"/>
      <metrics loc="53" ncloc="28" classes="1" methods="1" coveredmethods="1" conditionals="0" coveredconditionals="0" statements="5" coveredstatements="5" elements="6" coveredelements="6"/>
    </file>
    <file name="C:\wamp64\www\project_8\src\Controller\TaskController.php">
      <class name="App\Controller\TaskController" namespace="global">
        <metrics complexity="12" methods="6" coveredmethods="6" conditionals="0" coveredconditionals="0" statements="46" coveredstatements="46" elements="52" coveredelements="52"/>
      </class>
      <line num="47" type="method" name="__construct" visibility="public" complexity="1" crap="1" count="13"/>
      <line num="49" type="stmt" count="13"/>
      <line num="50" type="stmt" count="13"/>
      <line num="62" type="method" name="listAction" visibility="public" complexity="1" crap="1" count="8"/>
      <line num="64" type="stmt" count="8"/>
      <line num="65" type="stmt" count="8"/>
      <line num="66" type="stmt" count="8"/>
      <line num="67" type="stmt" count="8"/>
      <line num="79" type="method" name="createAction" visibility="public" complexity="3" crap="3" count="3"/>
      <line num="81" type="stmt" count="3"/>
      <line num="82" type="stmt" count="3"/>
      <line num="84" type="stmt" count="3"/>
      <line num="86" type="stmt" count="3"/>
      <line num="87" type="stmt" count="1"/>
      <line num="88" type="stmt" count="1"/>
      <line num="90" type="stmt" count="1"/>
      <line num="92" type="stmt" count="1"/>
      <line num="95" type="stmt" count="3"/>
      <line num="106" type="method" name="editAction" visibility="public" complexity="3" crap="3" count="2"/>
      <line num="108" type="stmt" count="2"/>
      <line num="110" type="stmt" count="2"/>
      <line num="112" type="stmt" count="2"/>
      <line num="113" type="stmt" count="1"/>
      <line num="115" type="stmt" count="1"/>
      <line num="117" type="stmt" count="1"/>
      <line num="118" type="stmt" count="1"/>
      <line num="122" type="stmt" count="2"/>
      <line num="123" type="stmt" count="2"/>
      <line num="124" type="stmt" count="2"/>
      <line num="136" type="method" name="toggleTaskAction" visibility="public" complexity="2" crap="2" count="2"/>
      <line num="138" type="stmt" count="2"/>
      <line num="140" type="stmt" count="2"/>
      <line num="141" type="stmt" count="2"/>
      <line num="143" type="stmt" count="2"/>
      <line num="144" type="stmt" count="2"/>
      <line num="145" type="stmt" count="2"/>
      <line num="146" type="stmt" count="2"/>
      <line num="147" type="stmt" count="2"/>
      <line num="148" type="stmt" count="2"/>
      <line num="152" type="stmt" count="2"/>
      <line num="153" type="stmt" count="2"/>
      <line num="167" type="method" name="deleteTaskAction" visibility="public" complexity="2" crap="2" count="3"/>
      <line num="169" type="stmt" count="3"/>
      <line num="170" type="stmt" count="3"/>
      <line num="171" type="stmt" count="3"/>
      <line num="174" type="stmt" count="3"/>
      <line num="175" type="stmt" count="1"/>
      <line num="176" type="stmt" count="1"/>
      <line num="178" type="stmt" count="1"/>
      <line num="180" type="stmt" count="1"/>
      <line num="183" type="stmt" count="2"/>
      <line num="185" type="stmt" count="2"/>
      <metrics loc="187" ncloc="121" classes="1" methods="6" coveredmethods="6" conditionals="0" coveredconditionals="0" statements="46" coveredstatements="46" elements="52" coveredelements="52"/>
    </file>
    <file name="C:\wamp64\www\project_8\src\Controller\UserController.php">
      <class name="App\Controller\UserController" namespace="global">
        <metrics complexity="13" methods="5" coveredmethods="5" conditionals="0" coveredconditionals="0" statements="45" coveredstatements="45" elements="50" coveredelements="50"/>
      </class>
      <line num="51" type="method" name="__construct" visibility="public" complexity="1" crap="1" count="13"/>
      <line num="53" type="stmt" count="13"/>
      <line num="54" type="stmt" count="13"/>
      <line num="55" type="stmt" count="13"/>
      <line num="67" type="method" name="listAction" visibility="public" complexity="1" crap="1" count="4"/>
      <line num="70" type="stmt" count="4"/>
      <line num="72" type="stmt" count="4"/>
      <line num="73" type="stmt" count="4"/>
      <line num="74" type="stmt" count="4"/>
      <line num="76" type="stmt" count="4"/>
      <line num="77" type="stmt" count="4"/>
      <line num="93" type="method" name="createAction" visibility="public" complexity="3" crap="3" count="3"/>
      <line num="95" type="stmt" count="3"/>
      <line num="96" type="stmt" count="3"/>
      <line num="98" type="stmt" count="3"/>
      <line num="100" type="stmt" count="3"/>
      <line num="101" type="stmt" count="1"/>
      <line num="102" type="stmt" count="1"/>
      <line num="104" type="stmt" count="1"/>
      <line num="106" type="stmt" count="1"/>
      <line num="109" type="stmt" count="3"/>
      <line num="110" type="stmt" count="3"/>
      <line num="124" type="method" name="editAction" visibility="public" complexity="4" crap="4" count="4"/>
      <line num="126" type="stmt" count="4"/>
      <line num="127" type="stmt" count="4"/>
      <line num="129" type="stmt" count="4"/>
      <line num="132" type="stmt" count="4"/>
      <line num="134" type="stmt" count="4"/>
      <line num="135" type="stmt" count="2"/>
      <line num="137" type="stmt" count="2"/>
      <line num="139" type="stmt" count="2"/>
      <line num="140" type="stmt" count="2"/>
      <line num="141" type="stmt" count="2"/>
      <line num="145" type="stmt" count="4"/>
      <line num="158" type="method" name="editPasswordAction" visibility="public" complexity="4" crap="4" count="3"/>
      <line num="160" type="stmt" count="3"/>
      <line num="161" type="stmt" count="3"/>
      <line num="162" type="stmt" count="3"/>
      <line num="164" type="stmt" count="3"/>
      <line num="165" type="stmt" count="3"/>
      <line num="166" type="stmt" count="3"/>
      <line num="169" type="stmt" count="3"/>
      <line num="170" type="stmt" count="3"/>
      <line num="171" type="stmt" count="2"/>
      <line num="172" type="stmt" count="2"/>
      <line num="173" type="stmt" count="2"/>
      <line num="175" type="stmt" count="2"/>
      <line num="176" type="stmt" count="2"/>
      <line num="177" type="stmt" count="2"/>
      <line num="181" type="stmt" count="3"/>
      <metrics loc="183" ncloc="123" classes="1" methods="5" coveredmethods="5" conditionals="0" coveredconditionals="0" statements="45" coveredstatements="45" elements="50" coveredelements="50"/>
    </file>
    <file name="C:\wamp64\www\project_8\src\DataFixtures\AppFixtures.php">
      <class name="App\DataFixtures\AppFixtures" namespace="global">
        <metrics complexity="10" methods="4" coveredmethods="1" conditionals="0" coveredconditionals="0" statements="34" coveredstatements="31" elements="38" coveredelements="32"/>
      </class>
      <line num="29" type="method" name="load" visibility="public" complexity="1" crap="1" count="1"/>
      <line num="31" type="stmt" count="1"/>
      <line num="32" type="stmt" count="1"/>
      <line num="34" type="stmt" count="1"/>
      <line num="36" type="stmt" count="1"/>
      <line num="38" type="stmt" count="1"/>
      <line num="39" type="stmt" count="1"/>
      <line num="40" type="stmt" count="1"/>
      <line num="51" type="method" name="getDataFixture" visibility="private" complexity="2" crap="2.06" count="1"/>
      <line num="53" type="stmt" count="1"/>
      <line num="54" type="stmt" count="1"/>
      <line num="55" type="stmt" count="0"/>
      <line num="58" type="stmt" count="1"/>
      <line num="67" type="method" name="addUsers" visibility="private" complexity="3" crap="3.01" count="1"/>
      <line num="69" type="stmt" count="1"/>
      <line num="70" type="stmt" count="0"/>
      <line num="73" type="stmt" count="1"/>
      <line num="75" type="stmt" count="1"/>
      <line num="77" type="stmt" count="1"/>
      <line num="78" type="stmt" count="1"/>
      <line num="79" type="stmt" count="1"/>
      <line num="80" type="stmt" count="1"/>
      <line num="82" type="stmt" count="1"/>
      <line num="83" type="stmt" count="1"/>
      <line num="85" type="stmt" count="1"/>
      <line num="93" type="method" name="addTasks" visibility="private" complexity="4" crap="4.01" count="1"/>
      <line num="95" type="stmt" count="1"/>
      <line num="96" type="stmt" count="0"/>
      <line num="99" type="stmt" count="1"/>
      <line num="101" type="stmt" count="1"/>
      <line num="103" type="stmt" count="1"/>
      <line num="104" type="stmt" count="1"/>
      <line num="105" type="stmt" count="1"/>
      <line num="107" type="stmt" count="1"/>
      <line num="109" type="stmt" count="1"/>
      <line num="110" type="stmt" count="1"/>
      <line num="113" type="stmt" count="1"/>
      <line num="115" type="stmt" count="1"/>
      <metrics loc="116" ncloc="81" classes="1" methods="4" coveredmethods="1" conditionals="0" coveredconditionals="0" statements="34" coveredstatements="31" elements="38" coveredelements="32"/>
    </file>
    <file name="C:\wamp64\www\project_8\src\Entity\Task.php">
      <class name="App\Entity\Task" namespace="global">
        <metrics complexity="14" methods="13" coveredmethods="13" conditionals="0" coveredconditionals="0" statements="19" coveredstatements="19" elements="32" coveredelements="32"/>
      </class>
      <line num="63" type="method" name="__construct" visibility="public" complexity="1" crap="1" count="56"/>
      <line num="65" type="stmt" count="56"/>
      <line num="66" type="stmt" count="56"/>
      <line num="71" type="method" name="getId" visibility="public" complexity="1" crap="1" count="11"/>
      <line num="73" type="stmt" count="11"/>
      <line num="79" type="method" name="getCreatedAt" visibility="public" complexity="1" crap="1" count="9"/>
      <line num="81" type="stmt" count="9"/>
      <line num="89" type="method" name="setCreatedAt" visibility="public" complexity="1" crap="1" count="46"/>
      <line num="91" type="stmt" count="46"/>
      <line num="93" type="stmt" count="46"/>
      <line num="99" type="method" name="getTitle" visibility="public" complexity="1" crap="1" count="15"/>
      <line num="101" type="stmt" count="15"/>
      <line num="109" type="method" name="setTitle" visibility="public" complexity="1" crap="1" count="47"/>
      <line num="111" type="stmt" count="47"/>
      <line num="113" type="stmt" count="47"/>
      <line num="119" type="method" name="getContent" visibility="public" complexity="1" crap="1" count="14"/>
      <line num="121" type="stmt" count="14"/>
      <line num="129" type="method" name="setContent" visibility="public" complexity="1" crap="1" count="47"/>
      <line num="131" type="stmt" count="47"/>
      <line num="133" type="stmt" count="47"/>
      <line num="139" type="method" name="getUser" visibility="public" complexity="1" crap="1" count="16"/>
      <line num="141" type="stmt" count="16"/>
      <line num="149" type="method" name="setUser" visibility="public" complexity="1" crap="1" count="52"/>
      <line num="151" type="stmt" count="52"/>
      <line num="153" type="stmt" count="52"/>
      <line num="159" type="method" name="isDone" visibility="public" complexity="1" crap="1" count="10"/>
      <line num="161" type="stmt" count="10"/>
      <line num="169" type="method" name="urlIsDoneValue" visibility="public" complexity="2" crap="2" count="2"/>
      <line num="171" type="stmt" count="2"/>
      <line num="177" type="method" name="toggle" visibility="public" complexity="1" crap="1" count="41"/>
      <line num="179" type="stmt" count="41"/>
      <line num="180" type="stmt" count="41"/>
      <metrics loc="181" ncloc="96" classes="1" methods="13" coveredmethods="13" conditionals="0" coveredconditionals="0" statements="19" coveredstatements="19" elements="32" coveredelements="32"/>
    </file>
    <file name="C:\wamp64\www\project_8\src\Entity\User.php">
      <class name="App\Entity\User" namespace="global">
        <metrics complexity="14" methods="11" coveredmethods="11" conditionals="0" coveredconditionals="0" statements="18" coveredstatements="18" elements="29" coveredelements="29"/>
      </class>
      <line num="126" type="method" name="__construct" visibility="public" complexity="1" crap="1" count="97"/>
      <line num="128" type="stmt" count="97"/>
      <line num="129" type="stmt" count="97"/>
      <line num="134" type="method" name="getId" visibility="public" complexity="1" crap="1" count="30"/>
      <line num="136" type="stmt" count="30"/>
      <line num="142" type="method" name="getUsername" visibility="public" complexity="1" crap="1" count="53"/>
      <line num="144" type="stmt" count="53"/>
      <line num="152" type="method" name="setUsername" visibility="public" complexity="1" crap="1" count="90"/>
      <line num="154" type="stmt" count="90"/>
      <line num="156" type="stmt" count="90"/>
      <line num="172" type="method" name="getPassword" visibility="public" complexity="1" crap="1" count="77"/>
      <line num="174" type="stmt" count="77"/>
      <line num="182" type="method" name="setPassword" visibility="public" complexity="1" crap="1" count="82"/>
      <line num="184" type="stmt" count="82"/>
      <line num="186" type="stmt" count="82"/>
      <line num="192" type="method" name="getEmail" visibility="public" complexity="1" crap="1" count="13"/>
      <line num="194" type="stmt" count="13"/>
      <line num="202" type="method" name="setEmail" visibility="public" complexity="1" crap="1" count="74"/>
      <line num="204" type="stmt" count="74"/>
      <line num="206" type="stmt" count="74"/>
      <line num="212" type="method" name="getRoles" visibility="public" complexity="1" crap="1" count="47"/>
      <line num="214" type="stmt" count="47"/>
      <line num="222" type="method" name="setRoles" visibility="public" complexity="1" crap="1" count="75"/>
      <line num="224" type="stmt" count="75"/>
      <line num="226" type="stmt" count="75"/>
      <line num="240" type="method" name="isEqualTo" visibility="public" complexity="2" crap="2" count="41"/>
      <line num="242" type="stmt" count="41"/>
      <line num="243" type="stmt" count="1"/>
      <line num="246" type="stmt" count="40"/>
      <metrics loc="248" ncloc="109" classes="1" methods="11" coveredmethods="11" conditionals="0" coveredconditionals="0" statements="18" coveredstatements="18" elements="29" coveredelements="29"/>
    </file>
    <file name="C:\wamp64\www\project_8\src\Event\PasswordHashSubscriber.php">
      <class name="App\Event\PasswordHashSubscriber" namespace="global">
        <metrics complexity="8" methods="5" coveredmethods="5" conditionals="0" coveredconditionals="0" statements="17" coveredstatements="17" elements="22" coveredelements="22"/>
      </class>
      <line num="32" type="method" name="__construct" visibility="public" complexity="1" crap="1" count="76"/>
      <line num="34" type="stmt" count="76"/>
      <line num="35" type="stmt" count="76"/>
      <line num="42" type="method" name="getSubscribedEvents" visibility="public" complexity="1" crap="1" count="72"/>
      <line num="45" type="stmt" count="72"/>
      <line num="46" type="stmt" count="72"/>
      <line num="53" type="method" name="prePersist" visibility="public" complexity="1" crap="1" count="67"/>
      <line num="55" type="stmt" count="67"/>
      <line num="56" type="stmt" count="67"/>
      <line num="61" type="method" name="preUpdate" visibility="public" complexity="2" crap="2" count="9"/>
      <line num="64" type="stmt" count="9"/>
      <line num="65" type="stmt" count="6"/>
      <line num="68" type="stmt" count="3"/>
      <line num="69" type="stmt" count="3"/>
      <line num="74" type="method" name="hashPassword" visibility="private" complexity="3" crap="3" count="68"/>
      <line num="76" type="stmt" count="68"/>
      <line num="77" type="stmt" count="42"/>
      <line num="80" type="stmt" count="67"/>
      <line num="81" type="stmt" count="67"/>
      <line num="82" type="stmt" count="67"/>
      <line num="83" type="stmt" count="67"/>
      <line num="86" type="stmt" count="67"/>
      <metrics loc="87" ncloc="57" classes="1" methods="5" coveredmethods="5" conditionals="0" coveredconditionals="0" statements="17" coveredstatements="17" elements="22" coveredelements="22"/>
    </file>
    <file name="C:\wamp64\www\project_8\src\Event\TaskSubscriber.php">
      <class name="App\Event\TaskSubscriber" namespace="global">
        <metrics complexity="5" methods="3" coveredmethods="3" conditionals="0" coveredconditionals="0" statements="9" coveredstatements="9" elements="12" coveredelements="12"/>
      </class>
      <line num="36" type="method" name="__construct" visibility="public" complexity="1" crap="1" count="74"/>
      <line num="38" type="stmt" count="74"/>
      <line num="39" type="stmt" count="74"/>
      <line num="46" type="method" name="getSubscribedEvents" visibility="public" complexity="1" crap="1" count="72"/>
      <line num="49" type="stmt" count="72"/>
      <line num="56" type="method" name="prePersist" visibility="public" complexity="3" crap="3" count="67"/>
      <line num="58" type="stmt" count="67"/>
      <line num="60" type="stmt" count="67"/>
      <line num="62" type="stmt" count="67"/>
      <line num="63" type="stmt" count="66"/>
      <line num="66" type="stmt" count="2"/>
      <line num="67" type="stmt" count="2"/>
      <metrics loc="68" ncloc="41" classes="1" methods="3" coveredmethods="3" conditionals="0" coveredconditionals="0" statements="9" coveredstatements="9" elements="12" coveredelements="12"/>
    </file>
    <file name="C:\wamp64\www\project_8\src\Form\DataTransferObject\PasswordInterface.php">
      <metrics loc="60" ncloc="19" classes="0" methods="0" coveredmethods="0" conditionals="0" coveredconditionals="0" statements="0" coveredstatements="0" elements="0" coveredelements="0"/>
    </file>
    <file name="C:\wamp64\www\project_8\src\Form\DataTransferObject\PasswordUpdate.php">
      <class name="App\Form\DataTransferObject\PasswordUpdate" namespace="global">
        <metrics complexity="6" methods="6" coveredmethods="6" conditionals="0" coveredconditionals="0" statements="9" coveredstatements="9" elements="15" coveredelements="15"/>
      </class>
      <line num="58" type="method" name="getActualPassword" visibility="public" complexity="1" crap="1" count="3"/>
      <line num="60" type="stmt" count="3"/>
      <line num="66" type="method" name="setActualPassword" visibility="public" complexity="1" crap="1" count="4"/>
      <line num="68" type="stmt" count="4"/>
      <line num="70" type="stmt" count="4"/>
      <line num="76" type="method" name="getNewPassword" visibility="public" complexity="1" crap="1" count="7"/>
      <line num="78" type="stmt" count="7"/>
      <line num="84" type="method" name="setNewPassword" visibility="public" complexity="1" crap="1" count="6"/>
      <line num="86" type="stmt" count="6"/>
      <line num="88" type="stmt" count="6"/>
      <line num="94" type="method" name="getConfirmPassword" visibility="public" complexity="1" crap="1" count="5"/>
      <line num="96" type="stmt" count="5"/>
      <line num="102" type="method" name="setConfirmPassword" visibility="public" complexity="1" crap="1" count="6"/>
      <line num="104" type="stmt" count="6"/>
      <line num="106" type="stmt" count="6"/>
      <metrics loc="108" ncloc="52" classes="1" methods="6" coveredmethods="6" conditionals="0" coveredconditionals="0" statements="9" coveredstatements="9" elements="15" coveredelements="15"/>
    </file>
    <file name="C:\wamp64\www\project_8\src\Form\TaskType.php">
      <class name="App\Form\TaskType" namespace="global">
        <metrics complexity="2" methods="2" coveredmethods="2" conditionals="0" coveredconditionals="0" statements="7" coveredstatements="7" elements="9" coveredelements="9"/>
      </class>
      <line num="30" type="method" name="buildForm" visibility="public" complexity="1" crap="1" count="6"/>
      <line num="33" type="stmt" count="6"/>
      <line num="34" type="stmt" count="6"/>
      <line num="35" type="stmt" count="6"/>
      <line num="38" type="stmt" count="6"/>
      <line num="43" type="method" name="configureOptions" visibility="public" complexity="1" crap="1" count="6"/>
      <line num="45" type="stmt" count="6"/>
      <line num="46" type="stmt" count="6"/>
      <line num="49" type="stmt" count="6"/>
      <metrics loc="50" ncloc="33" classes="1" methods="2" coveredmethods="2" conditionals="0" coveredconditionals="0" statements="7" coveredstatements="7" elements="9" coveredelements="9"/>
    </file>
    <file name="C:\wamp64\www\project_8\src\Form\User\AbstractUserForm.php">
      <class name="App\Form\User\AbstractUserForm" namespace="global">
        <metrics complexity="3" methods="2" coveredmethods="2" conditionals="0" coveredconditionals="0" statements="16" coveredstatements="16" elements="18" coveredelements="18"/>
      </class>
      <line num="29" type="method" name="getRolesOptions" visibility="protected" complexity="2" crap="2" count="6"/>
      <line num="31" type="stmt" count="6"/>
      <line num="32" type="stmt" count="6"/>
      <line num="36" type="stmt" count="6"/>
      <line num="37" type="stmt" count="6"/>
      <line num="38" type="stmt" count="6"/>
      <line num="39" type="stmt" count="6"/>
      <line num="42" type="stmt" count="6"/>
      <line num="50" type="method" name="transformRolesType" visibility="protected" complexity="1" crap="1" count="6"/>
      <line num="52" type="stmt" count="6"/>
      <line num="53" type="stmt" count="6"/>
      <line num="54" type="stmt" count="6"/>
      <line num="56" type="stmt" count="6"/>
      <line num="57" type="stmt" count="6"/>
      <line num="58" type="stmt" count="6"/>
      <line num="60" type="stmt" count="5"/>
      <line num="61" type="stmt" count="6"/>
      <line num="64" type="stmt" count="6"/>
      <metrics loc="65" ncloc="44" classes="1" methods="2" coveredmethods="2" conditionals="0" coveredconditionals="0" statements="16" coveredstatements="16" elements="18" coveredelements="18"/>
    </file>
    <file name="C:\wamp64\www\project_8\src\Form\User\AccountType.php">
      <class name="App\Form\User\AccountType" namespace="global">
        <metrics complexity="3" methods="2" coveredmethods="2" conditionals="0" coveredconditionals="0" statements="12" coveredstatements="12" elements="14" coveredelements="14"/>
      </class>
      <line num="30" type="method" name="buildForm" visibility="public" complexity="2" crap="2" count="6"/>
      <line num="33" type="stmt" count="6"/>
      <line num="34" type="stmt" count="6"/>
      <line num="37" type="stmt" count="6"/>
      <line num="38" type="stmt" count="2"/>
      <line num="39" type="stmt" count="2"/>
      <line num="40" type="stmt" count="2"/>
      <line num="42" type="stmt" count="2"/>
      <line num="46" type="stmt" count="2"/>
      <line num="48" type="stmt" count="6"/>
      <line num="53" type="method" name="configureOptions" visibility="public" complexity="1" crap="1" count="6"/>
      <line num="55" type="stmt" count="6"/>
      <line num="56" type="stmt" count="6"/>
      <line num="60" type="stmt" count="6"/>
      <metrics loc="61" ncloc="44" classes="1" methods="2" coveredmethods="2" conditionals="0" coveredconditionals="0" statements="12" coveredstatements="12" elements="14" coveredelements="14"/>
    </file>
    <file name="C:\wamp64\www\project_8\src\Form\User\UpdatePasswordType.php">
      <class name="App\Form\User\UpdatePasswordType" namespace="global">
        <metrics complexity="3" methods="2" coveredmethods="2" conditionals="0" coveredconditionals="0" statements="8" coveredstatements="8" elements="10" coveredelements="10"/>
      </class>
      <line num="29" type="method" name="buildForm" visibility="public" complexity="2" crap="2" count="5"/>
      <line num="32" type="stmt" count="5"/>
      <line num="33" type="stmt" count="3"/>
      <line num="36" type="stmt" count="5"/>
      <line num="37" type="stmt" count="5"/>
      <line num="39" type="stmt" count="5"/>
      <line num="44" type="method" name="configureOptions" visibility="public" complexity="1" crap="1" count="5"/>
      <line num="46" type="stmt" count="5"/>
      <line num="47" type="stmt" count="5"/>
      <line num="51" type="stmt" count="5"/>
      <metrics loc="52" ncloc="35" classes="1" methods="2" coveredmethods="2" conditionals="0" coveredconditionals="0" statements="8" coveredstatements="8" elements="10" coveredelements="10"/>
    </file>
    <file name="C:\wamp64\www\project_8\src\Form\User\UserType.php">
      <class name="App\Form\User\UserType" namespace="global">
        <metrics complexity="2" methods="2" coveredmethods="2" conditionals="0" coveredconditionals="0" statements="11" coveredstatements="11" elements="13" coveredelements="13"/>
      </class>
      <line num="31" type="method" name="buildForm" visibility="public" complexity="1" crap="1" count="4"/>
      <line num="34" type="stmt" count="4"/>
      <line num="35" type="stmt" count="4"/>
      <line num="36" type="stmt" count="4"/>
      <line num="37" type="stmt" count="4"/>
      <line num="43" type="stmt" count="4"/>
      <line num="44" type="stmt" count="4"/>
      <line num="48" type="stmt" count="4"/>
      <line num="49" type="stmt" count="4"/>
      <line num="54" type="method" name="configureOptions" visibility="public" complexity="1" crap="1" count="4"/>
      <line num="56" type="stmt" count="4"/>
      <line num="57" type="stmt" count="4"/>
      <line num="60" type="stmt" count="4"/>
      <metrics loc="61" ncloc="44" classes="1" methods="2" coveredmethods="2" conditionals="0" coveredconditionals="0" statements="11" coveredstatements="11" elements="13" coveredelements="13"/>
    </file>
    <file name="C:\wamp64\www\project_8\src\Helper\UrlManagerTrait.php">
      <class name="App\Helper\UrlManagerTrait" namespace="global">
        <metrics complexity="5" methods="2" coveredmethods="2" conditionals="0" coveredconditionals="0" statements="4" coveredstatements="4" elements="6" coveredelements="6"/>
      </class>
      <line num="30" type="method" name="validReferer" visibility="private" complexity="2" crap="2" count="6"/>
      <line num="33" type="stmt" count="6"/>
      <line num="44" type="method" name="urlForRole" visibility="private" complexity="3" crap="3" count="4"/>
      <line num="47" type="stmt" count="4"/>
      <line num="48" type="stmt" count="2"/>
      <line num="51" type="stmt" count="2"/>
      <metrics loc="53" ncloc="26" classes="1" methods="2" coveredmethods="2" conditionals="0" coveredconditionals="0" statements="4" coveredstatements="4" elements="6" coveredelements="6"/>
    </file>
    <file name="C:\wamp64\www\project_8\src\Kernel.php">
      <class name="App\Kernel" namespace="global">
        <metrics complexity="7" methods="4" coveredmethods="4" conditionals="0" coveredconditionals="0" statements="21" coveredstatements="21" elements="25" coveredelements="25"/>
      </class>
      <line num="27" type="method" name="registerBundles" visibility="public" complexity="3" crap="3" count="71"/>
      <line num="29" type="stmt" count="71"/>
      <line num="30" type="stmt" count="71"/>
      <line num="31" type="stmt" count="71"/>
      <line num="32" type="stmt" count="71"/>
      <line num="35" type="stmt" count="71"/>
      <line num="37" type="method" name="getProjectDir" visibility="public" complexity="1" crap="1" count="71"/>
      <line num="39" type="stmt" count="71"/>
      <line num="42" type="method" name="configureContainer" visibility="protected" complexity="2" crap="2" count="1"/>
      <line num="44" type="stmt" count="1"/>
      <line num="45" type="stmt" count="1"/>
      <line num="46" type="stmt" count="1"/>
      <line num="47" type="stmt" count="1"/>
      <line num="49" type="stmt" count="1"/>
      <line num="50" type="stmt" count="1"/>
      <line num="51" type="stmt" count="1"/>
      <line num="52" type="stmt" count="1"/>
      <line num="53" type="stmt" count="1"/>
      <line num="55" type="method" name="configureRoutes" visibility="protected" complexity="1" crap="1" count="1"/>
      <line num="57" type="stmt" count="1"/>
      <line num="59" type="stmt" count="1"/>
      <line num="60" type="stmt" count="1"/>
      <line num="61" type="stmt" count="1"/>
      <line num="62" type="stmt" count="1"/>
      <metrics loc="63" ncloc="55" classes="1" methods="4" coveredmethods="4" conditionals="0" coveredconditionals="0" statements="21" coveredstatements="21" elements="25" coveredelements="25"/>
    </file>
    <file name="C:\wamp64\www\project_8\src\Repository\TaskRepository.php">
      <class name="App\Repository\TaskRepository" namespace="global">
        <metrics complexity="4" methods="3" coveredmethods="3" conditionals="0" coveredconditionals="0" statements="14" coveredstatements="14" elements="17" coveredelements="17"/>
      </class>
      <line num="31" type="method" name="__construct" visibility="public" complexity="1" crap="1" count="15"/>
      <line num="33" type="stmt" count="15"/>
      <line num="34" type="stmt" count="15"/>
      <line num="43" type="method" name="findTasks" visibility="public" complexity="2" crap="2" count="12"/>
      <line num="45" type="stmt" count="12"/>
      <line num="46" type="stmt" count="12"/>
      <line num="47" type="stmt" count="12"/>
      <line num="49" type="stmt" count="12"/>
      <line num="50" type="stmt" count="6"/>
      <line num="54" type="stmt" count="12"/>
      <line num="55" type="stmt" count="12"/>
      <line num="56" type="stmt" count="12"/>
      <line num="67" type="method" name="filterTasks" visibility="private" complexity="1" crap="1" count="6"/>
      <line num="70" type="stmt" count="6"/>
      <line num="72" type="stmt" count="6"/>
      <line num="73" type="stmt" count="6"/>
      <line num="75" type="stmt" count="6"/>
      <metrics loc="77" ncloc="43" classes="1" methods="3" coveredmethods="3" conditionals="0" coveredconditionals="0" statements="14" coveredstatements="14" elements="17" coveredelements="17"/>
    </file>
    <file name="C:\wamp64\www\project_8\src\Repository\UserRepository.php">
      <class name="App\Repository\UserRepository" namespace="global">
        <metrics complexity="3" methods="2" coveredmethods="2" conditionals="0" coveredconditionals="0" statements="8" coveredstatements="8" elements="10" coveredelements="10"/>
      </class>
      <line num="31" type="method" name="__construct" visibility="public" complexity="1" crap="1" count="6"/>
      <line num="33" type="stmt" count="6"/>
      <line num="34" type="stmt" count="6"/>
      <line num="41" type="method" name="findAllExceptOne" visibility="public" complexity="2" crap="2" count="5"/>
      <line num="43" type="stmt" count="5"/>
      <line num="44" type="stmt" count="5"/>
      <line num="46" type="stmt" count="5"/>
      <line num="47" type="stmt" count="5"/>
      <line num="48" type="stmt" count="5"/>
      <line num="51" type="stmt" count="5"/>
      <metrics loc="53" ncloc="29" classes="1" methods="2" coveredmethods="2" conditionals="0" coveredconditionals="0" statements="8" coveredstatements="8" elements="10" coveredelements="10"/>
    </file>
    <file name="C:\wamp64\www\project_8\src\Security\Guard\LoginFormAuthenticator.php">
      <class name="App\Security\Guard\LoginFormAuthenticator" namespace="global">
        <metrics complexity="11" methods="7" coveredmethods="7" conditionals="0" coveredconditionals="0" statements="26" coveredstatements="26" elements="33" coveredelements="33"/>
      </class>
      <line num="46" type="method" name="__construct" visibility="public" complexity="1" crap="1" count="60"/>
      <line num="48" type="stmt" count="60"/>
      <line num="49" type="stmt" count="60"/>
      <line num="50" type="stmt" count="60"/>
      <line num="51" type="stmt" count="60"/>
      <line num="56" type="method" name="getLoginUrl" visibility="public" complexity="1" crap="1" count="2"/>
      <line num="58" type="stmt" count="2"/>
      <line num="64" type="method" name="supports" visibility="public" complexity="2" crap="2" count="52"/>
      <line num="66" type="stmt" count="52"/>
      <line num="67" type="stmt" count="52"/>
      <line num="75" type="method" name="getCredentials" visibility="public" complexity="1" crap="1" count="5"/>
      <line num="77" type="stmt" count="5"/>
      <line num="79" type="stmt" count="5"/>
      <line num="80" type="stmt" count="5"/>
      <line num="81" type="stmt" count="5"/>
      <line num="84" type="stmt" count="5"/>
      <line num="85" type="stmt" count="5"/>
      <line num="86" type="stmt" count="5"/>
      <line num="89" type="stmt" count="5"/>
      <line num="99" type="method" name="getUser" visibility="public" complexity="3" crap="3" count="7"/>
      <line num="101" type="stmt" count="7"/>
      <line num="103" type="stmt" count="7"/>
      <line num="105" type="stmt" count="1"/>
      <line num="108" type="stmt" count="6"/>
      <line num="110" type="stmt" count="5"/>
      <line num="112" type="stmt" count="1"/>
      <line num="115" type="stmt" count="4"/>
      <line num="125" type="method" name="checkCredentials" visibility="public" complexity="2" crap="2" count="5"/>
      <line num="127" type="stmt" count="5"/>
      <line num="128" type="stmt" count="4"/>
      <line num="132" type="stmt" count="1"/>
      <line num="140" type="method" name="onAuthenticationSuccess" visibility="public" complexity="1" crap="1" count="4"/>
      <line num="142" type="stmt" count="4"/>
      <metrics loc="144" ncloc="96" classes="1" methods="7" coveredmethods="7" conditionals="0" coveredconditionals="0" statements="26" coveredstatements="26" elements="33" coveredelements="33"/>
    </file>
    <file name="C:\wamp64\www\project_8\src\Security\Voter\TaskVoter.php">
      <class name="App\Security\Voter\TaskVoter" namespace="global">
        <metrics complexity="8" methods="3" coveredmethods="2" conditionals="0" coveredconditionals="0" statements="11" coveredstatements="10" elements="14" coveredelements="12"/>
      </class>
      <line num="36" type="method" name="__construct" visibility="public" complexity="1" crap="1" count="45"/>
      <line num="38" type="stmt" count="45"/>
      <line num="39" type="stmt" count="45"/>
      <line num="44" type="method" name="supports" visibility="protected" complexity="2" crap="2" count="45"/>
      <line num="46" type="stmt" count="45"/>
      <line num="52" type="method" name="voteOnAttribute" visibility="protected" complexity="5" crap="5.05" count="14"/>
      <line num="55" type="stmt" count="14"/>
      <line num="56" type="stmt" count="14"/>
      <line num="58" type="stmt" count="14"/>
      <line num="59" type="stmt" count="1"/>
      <line num="62" type="stmt" count="13"/>
      <line num="63" type="stmt" count="13"/>
      <line num="64" type="stmt" count="13"/>
      <line num="67" type="stmt" count="0"/>
      <metrics loc="69" ncloc="46" classes="1" methods="3" coveredmethods="2" conditionals="0" coveredconditionals="0" statements="11" coveredstatements="10" elements="14" coveredelements="12"/>
    </file>
    <file name="C:\wamp64\www\project_8\src\Security\Voter\UserVoter.php">
      <class name="App\Security\Voter\UserVoter" namespace="global">
        <metrics complexity="7" methods="3" coveredmethods="2" conditionals="0" coveredconditionals="0" statements="9" coveredstatements="8" elements="12" coveredelements="10"/>
      </class>
      <line num="35" type="method" name="__construct" visibility="public" complexity="1" crap="1" count="43"/>
      <line num="37" type="stmt" count="43"/>
      <line num="38" type="stmt" count="43"/>
      <line num="43" type="method" name="supports" visibility="protected" complexity="2" crap="2" count="43"/>
      <line num="45" type="stmt" count="43"/>
      <line num="51" type="method" name="voteOnAttribute" visibility="protected" complexity="4" crap="4.07" count="13"/>
      <line num="54" type="stmt" count="13"/>
      <line num="56" type="stmt" count="13"/>
      <line num="57" type="stmt" count="1"/>
      <line num="60" type="stmt" count="12"/>
      <line num="61" type="stmt" count="12"/>
      <line num="64" type="stmt" count="0"/>
      <metrics loc="66" ncloc="43" classes="1" methods="3" coveredmethods="2" conditionals="0" coveredconditionals="0" statements="9" coveredstatements="8" elements="12" coveredelements="10"/>
    </file>
    <file name="C:\wamp64\www\project_8\src\Service\Cache\CacheValidationInterface.php">
      <metrics loc="29" ncloc="11" classes="0" methods="0" coveredmethods="0" conditionals="0" coveredconditionals="0" statements="0" coveredstatements="0" elements="0" coveredelements="0"/>
    </file>
    <file name="C:\wamp64\www\project_8\src\Service\Cache\HttpCacheValidation.php">
      <class name="App\Service\Cache\HttpCacheValidation" namespace="global">
        <metrics complexity="5" methods="2" coveredmethods="2" conditionals="0" coveredconditionals="0" statements="10" coveredstatements="10" elements="12" coveredelements="12"/>
      </class>
      <line num="29" type="method" name="__construct" visibility="public" complexity="1" crap="1" count="25"/>
      <line num="31" type="stmt" count="25"/>
      <line num="32" type="stmt" count="25"/>
      <line num="37" type="method" name="set" visibility="public" complexity="4" crap="4" count="25"/>
      <line num="39" type="stmt" count="25"/>
      <line num="40" type="stmt" count="25"/>
      <line num="42" type="stmt" count="25"/>
      <line num="43" type="stmt" count="24"/>
      <line num="44" type="stmt" count="24"/>
      <line num="47" type="stmt" count="25"/>
      <line num="48" type="stmt" count="1"/>
      <line num="51" type="stmt" count="24"/>
      <metrics loc="53" ncloc="34" classes="1" methods="2" coveredmethods="2" conditionals="0" coveredconditionals="0" statements="10" coveredstatements="10" elements="12" coveredelements="12"/>
    </file>
    <file name="C:\wamp64\www\project_8\src\Validator\MatchPassword.php">
      <class name="App\Validator\MatchPassword" namespace="global">
        <metrics complexity="0" methods="0" coveredmethods="0" conditionals="0" coveredconditionals="0" statements="0" coveredstatements="0" elements="0" coveredelements="0"/>
      </class>
      <metrics loc="25" ncloc="10" classes="0" methods="0" coveredmethods="0" conditionals="0" coveredconditionals="0" statements="0" coveredstatements="0" elements="0" coveredelements="0"/>
    </file>
    <file name="C:\wamp64\www\project_8\src\Validator\MatchPasswordValidator.php">
      <class name="App\Validator\MatchPasswordValidator" namespace="global">
        <metrics complexity="8" methods="2" coveredmethods="2" conditionals="0" coveredconditionals="0" statements="14" coveredstatements="14" elements="16" coveredelements="16"/>
      </class>
      <line num="31" type="method" name="__construct" visibility="public" complexity="1" crap="1" count="7"/>
      <line num="33" type="stmt" count="7"/>
      <line num="34" type="stmt" count="7"/>
      <line num="39" type="method" name="validate" visibility="public" complexity="7" crap="7" count="7"/>
      <line num="41" type="stmt" count="7"/>
      <line num="42" type="stmt" count="1"/>
      <line num="44" type="stmt" count="6"/>
      <line num="45" type="stmt" count="1"/>
      <line num="49" type="stmt" count="5"/>
      <line num="51" type="stmt" count="5"/>
      <line num="52" type="stmt" count="1"/>
      <line num="56" type="stmt" count="4"/>
      <line num="57" type="stmt" count="2"/>
      <line num="58" type="stmt" count="2"/>
      <line num="59" type="stmt" count="2"/>
      <line num="61" type="stmt" count="4"/>
      <metrics loc="62" ncloc="44" classes="1" methods="2" coveredmethods="2" conditionals="0" coveredconditionals="0" statements="14" coveredstatements="14" elements="16" coveredelements="16"/>
    </file>
    <metrics files="28" loc="2330" ncloc="1391" classes="24" methods="93" coveredmethods="88" conditionals="0" coveredconditionals="0" statements="374" coveredstatements="369" elements="467" coveredelements="457"/>
  </project>
</coverage>
